# JRE version: Java(TM) SE Runtime Environment (7.0_51-b13) (build 1.7.0_51-b13)
# Java VM: Java HotSpot(TM) 64-Bit Server VM (24.51-b03 mixed mode linux-amd64 compressed oops)
Heap
 PSYoungGen      total 107520K, used 20137K [0x00000000f6300000, 0x0000000100000000, 0x0000000100000000)
  eden space 54272K, 0% used [0x00000000f6300000,0x00000000f6300000,0x00000000f9800000)
  from space 53248K, 37% used [0x00000000fcc00000,0x00000000fdfaa678,0x0000000100000000)
  to   space 53248K, 0% used [0x00000000f9800000,0x00000000f9800000,0x00000000fcc00000)
 ParOldGen       total 273920K, used 273874K [0x00000000e2a00000, 0x00000000f3580000, 0x00000000f6300000)
  object space 273920K, 99% used [0x00000000e2a00000,0x00000000f3574be0,0x00000000f3580000)
 PSPermGen       total 53248K, used 26841K [0x00000000dd800000, 0x00000000e0c00000, 0x00000000e2a00000)
  object space 53248K, 50% used [0x00000000dd800000,0x00000000df236478,0x00000000e0c00000)
GC Heap History (10 events):
Event: 103072.744 GC heap after
Heap after GC invocations=77 (full 5):
 PSYoungGen      total 106496K, used 0K [0x00000000f6300000, 0x0000000100000000, 0x0000000100000000)
  eden space 59392K, 0% used [0x00000000f6300000,0x00000000f6300000,0x00000000f9d00000)
  from space 47104K, 0% used [0x00000000fd200000,0x00000000fd200000,0x0000000100000000)
  to   space 50688K, 0% used [0x00000000f9d00000,0x00000000f9d00000,0x00000000fce80000)
 ParOldGen       total 273920K, used 214220K [0x00000000e2a00000, 0x00000000f3580000, 0x00000000f6300000)
  object space 273920K, 78% used [0x00000000e2a00000,0x00000000efb330c8,0x00000000f3580000)
 PSPermGen       total 53248K, used 26841K [0x00000000dd800000, 0x00000000e0c00000, 0x00000000e2a00000)
  object space 53248K, 50% used [0x00000000dd800000,0x00000000df236478,0x00000000e0c00000)
}
Event: 103072.814 GC heap before
{Heap before GC invocations=78 (full 5):
 PSYoungGen      total 106496K, used 59392K [0x00000000f6300000, 0x0000000100000000, 0x0000000100000000)
  eden space 59392K, 100% used [0x00000000f6300000,0x00000000f9d00000,0x00000000f9d00000)
  from space 47104K, 0% used [0x00000000fd200000,0x00000000fd200000,0x0000000100000000)
  to   space 50688K, 0% used [0x00000000f9d00000,0x00000000f9d00000,0x00000000fce80000)
 ParOldGen       total 273920K, used 214220K [0x00000000e2a00000, 0x00000000f3580000, 0x00000000f6300000)
  object space 273920K, 78% used [0x00000000e2a00000,0x00000000efb330c8,0x00000000f3580000)
 PSPermGen       total 53248K, used 26841K [0x00000000dd800000, 0x00000000e0c00000, 0x00000000e2a00000)
  object space 53248K, 50% used [0x00000000dd800000,0x00000000df236478,0x00000000e0c00000)
Event: 103072.857 GC heap after
Heap after GC invocations=78 (full 5):
 PSYoungGen      total 110080K, used 13696K [0x00000000f6300000, 0x00000000ffe80000, 0x0000000100000000)
  eden space 59392K, 0% used [0x00000000f6300000,0x00000000f6300000,0x00000000f9d00000)
  from space 50688K, 27% used [0x00000000f9d00000,0x00000000faa60000,0x00000000fce80000)
  to   space 48128K, 0% used [0x00000000fcf80000,0x00000000fcf80000,0x00000000ffe80000)
 ParOldGen       total 273920K, used 214220K [0x00000000e2a00000, 0x00000000f3580000, 0x00000000f6300000)
  object space 273920K, 78% used [0x00000000e2a00000,0x00000000efb330c8,0x00000000f3580000)
 PSPermGen       total 53248K, used 26841K [0x00000000dd800000, 0x00000000e0c00000, 0x00000000e2a00000)
  object space 53248K, 50% used [0x00000000dd800000,0x00000000df236478,0x00000000e0c00000)
}
Event: 103072.968 GC heap before
{Heap before GC invocations=79 (full 5):
 PSYoungGen      total 110080K, used 73088K [0x00000000f6300000, 0x00000000ffe80000, 0x0000000100000000)
  eden space 59392K, 100% used [0x00000000f6300000,0x00000000f9d00000,0x00000000f9d00000)
  from space 50688K, 27% used [0x00000000f9d00000,0x00000000faa60000,0x00000000fce80000)
  to   space 48128K, 0% used [0x00000000fcf80000,0x00000000fcf80000,0x00000000ffe80000)
 ParOldGen       total 273920K, used 214220K [0x00000000e2a00000, 0x00000000f3580000, 0x00000000f6300000)
  object space 273920K, 78% used [0x00000000e2a00000,0x00000000efb330c8,0x00000000f3580000)
 PSPermGen       total 53248K, used 26841K [0x00000000dd800000, 0x00000000e0c00000, 0x00000000e2a00000)
  object space 53248K, 50% used [0x00000000dd800000,0x00000000df236478,0x00000000e0c00000)
Event: 103073.078 GC heap after
Heap after GC invocations=79 (full 5):
 PSYoungGen      total 102400K, used 39897K [0x00000000f6300000, 0x0000000100000000, 0x0000000100000000)
  eden space 54272K, 0% used [0x00000000f6300000,0x00000000f6300000,0x00000000f9800000)
  from space 48128K, 82% used [0x00000000fcf80000,0x00000000ff676530,0x00000000ffe80000)
  to   space 53248K, 0% used [0x00000000f9800000,0x00000000f9800000,0x00000000fcc00000)
 ParOldGen       total 273920K, used 214220K [0x00000000e2a00000, 0x00000000f3580000, 0x00000000f6300000)
  object space 273920K, 78% used [0x00000000e2a00000,0x00000000efb330c8,0x00000000f3580000)
 PSPermGen       total 53248K, used 26841K [0x00000000dd800000, 0x00000000e0c00000, 0x00000000e2a00000)
  object space 53248K, 50% used [0x00000000dd800000,0x00000000df236478,0x00000000e0c00000)
}
Event: 103073.164 GC heap before
{Heap before GC invocations=80 (full 5):
 PSYoungGen      total 102400K, used 94169K [0x00000000f6300000, 0x0000000100000000, 0x0000000100000000)
  eden space 54272K, 100% used [0x00000000f6300000,0x00000000f9800000,0x00000000f9800000)
  from space 48128K, 82% used [0x00000000fcf80000,0x00000000ff676530,0x00000000ffe80000)
  to   space 53248K, 0% used [0x00000000f9800000,0x00000000f9800000,0x00000000fcc00000)
 ParOldGen       total 273920K, used 214220K [0x00000000e2a00000, 0x00000000f3580000, 0x00000000f6300000)
  object space 273920K, 78% used [0x00000000e2a00000,0x00000000efb330c8,0x00000000f3580000)
 PSPermGen       total 53248K, used 26841K [0x00000000dd800000, 0x00000000e0c00000, 0x00000000e2a00000)
  object space 53248K, 50% used [0x00000000dd800000,0x00000000df236478,0x00000000e0c00000)
Event: 103073.312 GC heap after
Heap after GC invocations=80 (full 5):
 PSYoungGen      total 107520K, used 53216K [0x00000000f6300000, 0x0000000100000000, 0x0000000100000000)
  eden space 54272K, 0% used [0x00000000f6300000,0x00000000f6300000,0x00000000f9800000)
  from space 53248K, 99% used [0x00000000f9800000,0x00000000fcbf8368,0x00000000fcc00000)
  to   space 53248K, 0% used [0x00000000fcc00000,0x00000000fcc00000,0x0000000100000000)
 ParOldGen       total 273920K, used 224966K [0x00000000e2a00000, 0x00000000f3580000, 0x00000000f6300000)
  object space 273920K, 82% used [0x00000000e2a00000,0x00000000f05b1b18,0x00000000f3580000)
 PSPermGen       total 53248K, used 26841K [0x00000000dd800000, 0x00000000e0c00000, 0x00000000e2a00000)
  object space 53248K, 50% used [0x00000000dd800000,0x00000000df236478,0x00000000e0c00000)
}
Event: 103073.387 GC heap before
{Heap before GC invocations=81 (full 5):
 PSYoungGen      total 107520K, used 107488K [0x00000000f6300000, 0x0000000100000000, 0x0000000100000000)
  eden space 54272K, 100% used [0x00000000f6300000,0x00000000f9800000,0x00000000f9800000)
  from space 53248K, 99% used [0x00000000f9800000,0x00000000fcbf8368,0x00000000fcc00000)
  to   space 53248K, 0% used [0x00000000fcc00000,0x00000000fcc00000,0x0000000100000000)
 ParOldGen       total 273920K, used 224966K [0x00000000e2a00000, 0x00000000f3580000, 0x00000000f6300000)
  object space 273920K, 82% used [0x00000000e2a00000,0x00000000f05b1b18,0x00000000f3580000)
 PSPermGen       total 53248K, used 26841K [0x00000000dd800000, 0x00000000e0c00000, 0x00000000e2a00000)
  object space 53248K, 50% used [0x00000000dd800000,0x00000000df236478,0x00000000e0c00000)
Event: 103073.603 GC heap after
Heap after GC invocations=81 (full 5):
 PSYoungGen      total 107520K, used 40675K [0x00000000f6300000, 0x0000000100000000, 0x0000000100000000)
  eden space 54272K, 0% used [0x00000000f6300000,0x00000000f6300000,0x00000000f9800000)
  from space 53248K, 76% used [0x00000000fcc00000,0x00000000ff3b8d98,0x0000000100000000)
  to   space 53248K, 0% used [0x00000000f9800000,0x00000000f9800000,0x00000000fcc00000)
 ParOldGen       total 273920K, used 256310K [0x00000000e2a00000, 0x00000000f3580000, 0x00000000f6300000)
  object space 273920K, 93% used [0x00000000e2a00000,0x00000000f244db18,0x00000000f3580000)
 PSPermGen       total 53248K, used 26841K [0x00000000dd800000, 0x00000000e0c00000, 0x00000000e2a00000)
  object space 53248K, 50% used [0x00000000dd800000,0x00000000df236478,0x00000000e0c00000)
}
Event: 103073.603 GC heap before
{Heap before GC invocations=82 (full 6):
 PSYoungGen      total 107520K, used 40675K [0x00000000f6300000, 0x0000000100000000, 0x0000000100000000)
  eden space 54272K, 0% used [0x00000000f6300000,0x00000000f6300000,0x00000000f9800000)
  from space 53248K, 76% used [0x00000000fcc00000,0x00000000ff3b8d98,0x0000000100000000)
  to   space 53248K, 0% used [0x00000000f9800000,0x00000000f9800000,0x00000000fcc00000)
 ParOldGen       total 273920K, used 256310K [0x00000000e2a00000, 0x00000000f3580000, 0x00000000f6300000)
  object space 273920K, 93% used [0x00000000e2a00000,0x00000000f244db18,0x00000000f3580000)
 PSPermGen       total 53248K, used 26841K [0x00000000dd800000, 0x00000000e0c00000, 0x00000000e2a00000)
  object space 53248K, 50% used [0x00000000dd800000,0x00000000df236478,0x00000000e0c00000)

