# JRE version: Java(TM) SE Runtime Environment (7.0_51-b13) (build 1.7.0_51-b13)
# Java VM: Java HotSpot(TM) 64-Bit Server VM (24.51-b03 mixed mode linux-amd64 compressed oops)
Heap
 PSYoungGen      total 107520K, used 0K [0x00000000f6300000, 0x0000000100000000, 0x0000000100000000)
  eden space 55296K, 0% used [0x00000000f6300000,0x00000000f6300000,0x00000000f9900000)
  from space 52224K, 0% used [0x00000000fcb00000,0x00000000fcb00000,0x00000000ffe00000)
  to   space 51200K, 0% used [0x00000000f9900000,0x00000000f9900000,0x00000000fcb00000)
 ParOldGen       total 286208K, used 269434K [0x00000000e2a00000, 0x00000000f4180000, 0x00000000f6300000)
  object space 286208K, 94% used [0x00000000e2a00000,0x00000000f311ebd0,0x00000000f4180000)
 PSPermGen       total 29696K, used 26716K [0x00000000dd800000, 0x00000000df500000, 0x00000000e2a00000)
  object space 29696K, 89% used [0x00000000dd800000,0x00000000df217050,0x00000000df500000)
GC Heap History (10 events):
Event: 116344.306 GC heap after
Heap after GC invocations=134 (full 20):
 PSYoungGen      total 105984K, used 26787K [0x00000000f6300000, 0x00000000fff80000, 0x0000000100000000)
  eden space 55808K, 0% used [0x00000000f6300000,0x00000000f6300000,0x00000000f9980000)
  from space 50176K, 53% used [0x00000000fca80000,0x00000000fe4a8da0,0x00000000ffb80000)
  to   space 50176K, 0% used [0x00000000f9980000,0x00000000f9980000,0x00000000fca80000)
 ParOldGen       total 286208K, used 195870K [0x00000000e2a00000, 0x00000000f4180000, 0x00000000f6300000)
  object space 286208K, 68% used [0x00000000e2a00000,0x00000000ee947bb8,0x00000000f4180000)
 PSPermGen       total 29696K, used 26716K [0x00000000dd800000, 0x00000000df500000, 0x00000000e2a00000)
  object space 29696K, 89% used [0x00000000dd800000,0x00000000df217050,0x00000000df500000)
}
Event: 116344.369 GC heap before
{Heap before GC invocations=135 (full 20):
 PSYoungGen      total 105984K, used 82595K [0x00000000f6300000, 0x00000000fff80000, 0x0000000100000000)
  eden space 55808K, 100% used [0x00000000f6300000,0x00000000f9980000,0x00000000f9980000)
  from space 50176K, 53% used [0x00000000fca80000,0x00000000fe4a8da0,0x00000000ffb80000)
  to   space 50176K, 0% used [0x00000000f9980000,0x00000000f9980000,0x00000000fca80000)
 ParOldGen       total 286208K, used 195870K [0x00000000e2a00000, 0x00000000f4180000, 0x00000000f6300000)
  object space 286208K, 68% used [0x00000000e2a00000,0x00000000ee947bb8,0x00000000f4180000)
 PSPermGen       total 29696K, used 26716K [0x00000000dd800000, 0x00000000df500000, 0x00000000e2a00000)
  object space 29696K, 89% used [0x00000000dd800000,0x00000000df217050,0x00000000df500000)
Event: 116344.457 GC heap after
Heap after GC invocations=135 (full 20):
 PSYoungGen      total 105984K, used 39619K [0x00000000f6300000, 0x0000000100000000, 0x0000000100000000)
  eden space 55808K, 0% used [0x00000000f6300000,0x00000000f6300000,0x00000000f9980000)
  from space 50176K, 78% used [0x00000000f9980000,0x00000000fc030da0,0x00000000fca80000)
  to   space 53248K, 0% used [0x00000000fcc00000,0x00000000fcc00000,0x0000000100000000)
 ParOldGen       total 286208K, used 195870K [0x00000000e2a00000, 0x00000000f4180000, 0x00000000f6300000)
  object space 286208K, 68% used [0x00000000e2a00000,0x00000000ee947bb8,0x00000000f4180000)
 PSPermGen       total 29696K, used 26716K [0x00000000dd800000, 0x00000000df500000, 0x00000000e2a00000)
  object space 29696K, 89% used [0x00000000dd800000,0x00000000df217050,0x00000000df500000)
}
Event: 116344.531 GC heap before
{Heap before GC invocations=136 (full 20):
 PSYoungGen      total 105984K, used 95427K [0x00000000f6300000, 0x0000000100000000, 0x0000000100000000)
  eden space 55808K, 100% used [0x00000000f6300000,0x00000000f9980000,0x00000000f9980000)
  from space 50176K, 78% used [0x00000000f9980000,0x00000000fc030da0,0x00000000fca80000)
  to   space 53248K, 0% used [0x00000000fcc00000,0x00000000fcc00000,0x0000000100000000)
 ParOldGen       total 286208K, used 195870K [0x00000000e2a00000, 0x00000000f4180000, 0x00000000f6300000)
  object space 286208K, 68% used [0x00000000e2a00000,0x00000000ee947bb8,0x00000000f4180000)
 PSPermGen       total 29696K, used 26716K [0x00000000dd800000, 0x00000000df500000, 0x00000000e2a00000)
  object space 29696K, 89% used [0x00000000dd800000,0x00000000df217050,0x00000000df500000)
Event: 116344.683 GC heap after
Heap after GC invocations=136 (full 20):
 PSYoungGen      total 107520K, used 27040K [0x00000000f6300000, 0x0000000100000000, 0x0000000100000000)
  eden space 54272K, 0% used [0x00000000f6300000,0x00000000f6300000,0x00000000f9800000)
  from space 53248K, 50% used [0x00000000fcc00000,0x00000000fe668020,0x0000000100000000)
  to   space 53248K, 0% used [0x00000000f9800000,0x00000000f9800000,0x00000000fcc00000)
 ParOldGen       total 286208K, used 222690K [0x00000000e2a00000, 0x00000000f4180000, 0x00000000f6300000)
  object space 286208K, 77% used [0x00000000e2a00000,0x00000000f0378958,0x00000000f4180000)
 PSPermGen       total 29696K, used 26716K [0x00000000dd800000, 0x00000000df500000, 0x00000000e2a00000)
  object space 29696K, 89% used [0x00000000dd800000,0x00000000df217050,0x00000000df500000)
}
Event: 116344.748 GC heap before
{Heap before GC invocations=137 (full 20):
 PSYoungGen      total 107520K, used 81312K [0x00000000f6300000, 0x0000000100000000, 0x0000000100000000)
  eden space 54272K, 100% used [0x00000000f6300000,0x00000000f9800000,0x00000000f9800000)
  from space 53248K, 50% used [0x00000000fcc00000,0x00000000fe668020,0x0000000100000000)
  to   space 53248K, 0% used [0x00000000f9800000,0x00000000f9800000,0x00000000fcc00000)
 ParOldGen       total 286208K, used 222690K [0x00000000e2a00000, 0x00000000f4180000, 0x00000000f6300000)
  object space 286208K, 77% used [0x00000000e2a00000,0x00000000f0378958,0x00000000f4180000)
 PSPermGen       total 29696K, used 26716K [0x00000000dd800000, 0x00000000df500000, 0x00000000e2a00000)
  object space 29696K, 89% used [0x00000000dd800000,0x00000000df217050,0x00000000df500000)
Event: 116344.845 GC heap after
Heap after GC invocations=137 (full 20):
 PSYoungGen      total 82944K, used 28357K [0x00000000f6300000, 0x00000000ffe00000, 0x0000000100000000)
  eden space 54272K, 0% used [0x00000000f6300000,0x00000000f6300000,0x00000000f9800000)
  from space 28672K, 98% used [0x00000000f9800000,0x00000000fb3b1480,0x00000000fb400000)
  to   space 52224K, 0% used [0x00000000fcb00000,0x00000000fcb00000,0x00000000ffe00000)
 ParOldGen       total 286208K, used 235570K [0x00000000e2a00000, 0x00000000f4180000, 0x00000000f6300000)
  object space 286208K, 82% used [0x00000000e2a00000,0x00000000f100c958,0x00000000f4180000)
 PSPermGen       total 29696K, used 26716K [0x00000000dd800000, 0x00000000df500000, 0x00000000e2a00000)
  object space 29696K, 89% used [0x00000000dd800000,0x00000000df217050,0x00000000df500000)
}
Event: 116344.912 GC heap before
{Heap before GC invocations=138 (full 20):
 PSYoungGen      total 82944K, used 82629K [0x00000000f6300000, 0x00000000ffe00000, 0x0000000100000000)
  eden space 54272K, 100% used [0x00000000f6300000,0x00000000f9800000,0x00000000f9800000)
  from space 28672K, 98% used [0x00000000f9800000,0x00000000fb3b1480,0x00000000fb400000)
  to   space 52224K, 0% used [0x00000000fcb00000,0x00000000fcb00000,0x00000000ffe00000)
 ParOldGen       total 286208K, used 235570K [0x00000000e2a00000, 0x00000000f4180000, 0x00000000f6300000)
  object space 286208K, 82% used [0x00000000e2a00000,0x00000000f100c958,0x00000000f4180000)
 PSPermGen       total 29696K, used 26716K [0x00000000dd800000, 0x00000000df500000, 0x00000000e2a00000)
  object space 29696K, 89% used [0x00000000dd800000,0x00000000df217050,0x00000000df500000)
Event: 116345.008 GC heap after
Heap after GC invocations=138 (full 20):
 PSYoungGen      total 107520K, used 12256K [0x00000000f6300000, 0x0000000100000000, 0x0000000100000000)
  eden space 55296K, 0% used [0x00000000f6300000,0x00000000f6300000,0x00000000f9900000)
  from space 52224K, 23% used [0x00000000fcb00000,0x00000000fd6f8000,0x00000000ffe00000)
  to   space 51200K, 0% used [0x00000000f9900000,0x00000000f9900000,0x00000000fcb00000)
 ParOldGen       total 286208K, used 263959K [0x00000000e2a00000, 0x00000000f4180000, 0x00000000f6300000)
  object space 286208K, 92% used [0x00000000e2a00000,0x00000000f2bc5dd8,0x00000000f4180000)
 PSPermGen       total 29696K, used 26716K [0x00000000dd800000, 0x00000000df500000, 0x00000000e2a00000)
  object space 29696K, 89% used [0x00000000dd800000,0x00000000df217050,0x00000000df500000)
}
Event: 116345.014 GC heap before
{Heap before GC invocations=139 (full 21):
 PSYoungGen      total 107520K, used 12256K [0x00000000f6300000, 0x0000000100000000, 0x0000000100000000)
  eden space 55296K, 0% used [0x00000000f6300000,0x00000000f6300000,0x00000000f9900000)
  from space 52224K, 23% used [0x00000000fcb00000,0x00000000fd6f8000,0x00000000ffe00000)
  to   space 51200K, 0% used [0x00000000f9900000,0x00000000f9900000,0x00000000fcb00000)
 ParOldGen       total 286208K, used 263959K [0x00000000e2a00000, 0x00000000f4180000, 0x00000000f6300000)
  object space 286208K, 92% used [0x00000000e2a00000,0x00000000f2bc5dd8,0x00000000f4180000)
 PSPermGen       total 29696K, used 26716K [0x00000000dd800000, 0x00000000df500000, 0x00000000e2a00000)
  object space 29696K, 89% used [0x00000000dd800000,0x00000000df217050,0x00000000df500000)

