# JRE version: Java(TM) SE Runtime Environment (7.0_51-b13) (build 1.7.0_51-b13)
# Java VM: Java HotSpot(TM) 64-Bit Server VM (24.51-b03 mixed mode linux-amd64 compressed oops)
Heap
 PSYoungGen      total 105984K, used 0K [0x00000000f6300000, 0x00000000ff680000, 0x0000000100000000)
  eden space 64000K, 0% used [0x00000000f6300000,0x00000000f6300000,0x00000000fa180000)
  from space 41984K, 0% used [0x00000000fcd80000,0x00000000fcd80000,0x00000000ff680000)
  to   space 43520K, 0% used [0x00000000fa180000,0x00000000fa180000,0x00000000fcc00000)
 ParOldGen       total 218624K, used 216986K [0x00000000e2a00000, 0x00000000eff80000, 0x00000000f6300000)
  object space 218624K, 99% used [0x00000000e2a00000,0x00000000efde6a98,0x00000000eff80000)
 PSPermGen       total 55808K, used 26988K [0x00000000dd800000, 0x00000000e0e80000, 0x00000000e2a00000)
  object space 55808K, 48% used [0x00000000dd800000,0x00000000df25b2e8,0x00000000e0e80000)
GC Heap History (10 events):
Event: 61979.492 GC heap after
Heap after GC invocations=32 (full 3):
 PSYoungGen      total 92672K, used 32727K [0x00000000f6300000, 0x00000000ff780000, 0x0000000100000000)
  eden space 46592K, 0% used [0x00000000f6300000,0x00000000f6300000,0x00000000f9080000)
  from space 46080K, 71% used [0x00000000f9080000,0x00000000fb075ea0,0x00000000fbd80000)
  to   space 48640K, 0% used [0x00000000fc800000,0x00000000fc800000,0x00000000ff780000)
 ParOldGen       total 168960K, used 140653K [0x00000000e2a00000, 0x00000000ecf00000, 0x00000000f6300000)
  object space 168960K, 83% used [0x00000000e2a00000,0x00000000eb35b778,0x00000000ecf00000)
 PSPermGen       total 58880K, used 26988K [0x00000000dd800000, 0x00000000e1180000, 0x00000000e2a00000)
  object space 58880K, 45% used [0x00000000dd800000,0x00000000df25b2e8,0x00000000e1180000)
}
Event: 61979.548 GC heap before
{Heap before GC invocations=33 (full 3):
 PSYoungGen      total 92672K, used 79319K [0x00000000f6300000, 0x00000000ff780000, 0x0000000100000000)
  eden space 46592K, 100% used [0x00000000f6300000,0x00000000f9080000,0x00000000f9080000)
  from space 46080K, 71% used [0x00000000f9080000,0x00000000fb075ea0,0x00000000fbd80000)
  to   space 48640K, 0% used [0x00000000fc800000,0x00000000fc800000,0x00000000ff780000)
 ParOldGen       total 168960K, used 140653K [0x00000000e2a00000, 0x00000000ecf00000, 0x00000000f6300000)
  object space 168960K, 83% used [0x00000000e2a00000,0x00000000eb35b778,0x00000000ecf00000)
 PSPermGen       total 58880K, used 26988K [0x00000000dd800000, 0x00000000e1180000, 0x00000000e2a00000)
  object space 58880K, 45% used [0x00000000dd800000,0x00000000df25b2e8,0x00000000e1180000)
Event: 61979.646 GC heap after
Heap after GC invocations=33 (full 3):
 PSYoungGen      total 102400K, used 23639K [0x00000000f6300000, 0x00000000ff600000, 0x0000000100000000)
  eden space 55296K, 0% used [0x00000000f6300000,0x00000000f6300000,0x00000000f9900000)
  from space 47104K, 50% used [0x00000000fc800000,0x00000000fdf15ea0,0x00000000ff600000)
  to   space 47616K, 0% used [0x00000000f9900000,0x00000000f9900000,0x00000000fc780000)
 ParOldGen       total 168960K, used 160829K [0x00000000e2a00000, 0x00000000ecf00000, 0x00000000f6300000)
  object space 168960K, 95% used [0x00000000e2a00000,0x00000000ec70f778,0x00000000ecf00000)
 PSPermGen       total 58880K, used 26988K [0x00000000dd800000, 0x00000000e1180000, 0x00000000e2a00000)
  object space 58880K, 45% used [0x00000000dd800000,0x00000000df25b2e8,0x00000000e1180000)
}
Event: 61979.646 GC heap before
{Heap before GC invocations=34 (full 4):
 PSYoungGen      total 102400K, used 23639K [0x00000000f6300000, 0x00000000ff600000, 0x0000000100000000)
  eden space 55296K, 0% used [0x00000000f6300000,0x00000000f6300000,0x00000000f9900000)
  from space 47104K, 50% used [0x00000000fc800000,0x00000000fdf15ea0,0x00000000ff600000)
  to   space 47616K, 0% used [0x00000000f9900000,0x00000000f9900000,0x00000000fc780000)
 ParOldGen       total 168960K, used 160829K [0x00000000e2a00000, 0x00000000ecf00000, 0x00000000f6300000)
  object space 168960K, 95% used [0x00000000e2a00000,0x00000000ec70f778,0x00000000ecf00000)
 PSPermGen       total 58880K, used 26988K [0x00000000dd800000, 0x00000000e1180000, 0x00000000e2a00000)
  object space 58880K, 45% used [0x00000000dd800000,0x00000000df25b2e8,0x00000000e1180000)
Event: 61980.666 GC heap after
Heap after GC invocations=34 (full 4):
 PSYoungGen      total 102400K, used 15417K [0x00000000f6300000, 0x00000000ff600000, 0x0000000100000000)
  eden space 55296K, 0% used [0x00000000f6300000,0x00000000f6300000,0x00000000f9900000)
  from space 47104K, 32% used [0x00000000fc800000,0x00000000fd70e448,0x00000000ff600000)
  to   space 47616K, 0% used [0x00000000f9900000,0x00000000f9900000,0x00000000fc780000)
 ParOldGen       total 218624K, used 168736K [0x00000000e2a00000, 0x00000000eff80000, 0x00000000f6300000)
  object space 218624K, 77% used [0x00000000e2a00000,0x00000000ecec8230,0x00000000eff80000)
 PSPermGen       total 55808K, used 26988K [0x00000000dd800000, 0x00000000e0e80000, 0x00000000e2a00000)
  object space 55808K, 48% used [0x00000000dd800000,0x00000000df25b2e8,0x00000000e0e80000)
}
Event: 61980.741 GC heap before
{Heap before GC invocations=35 (full 4):
 PSYoungGen      total 102400K, used 70713K [0x00000000f6300000, 0x00000000ff600000, 0x0000000100000000)
  eden space 55296K, 100% used [0x00000000f6300000,0x00000000f9900000,0x00000000f9900000)
  from space 47104K, 32% used [0x00000000fc800000,0x00000000fd70e448,0x00000000ff600000)
  to   space 47616K, 0% used [0x00000000f9900000,0x00000000f9900000,0x00000000fc780000)
 ParOldGen       total 218624K, used 168736K [0x00000000e2a00000, 0x00000000eff80000, 0x00000000f6300000)
  object space 218624K, 77% used [0x00000000e2a00000,0x00000000ecec8230,0x00000000eff80000)
 PSPermGen       total 55808K, used 26988K [0x00000000dd800000, 0x00000000e0e80000, 0x00000000e2a00000)
  object space 55808K, 48% used [0x00000000dd800000,0x00000000df25b2e8,0x00000000e0e80000)
Event: 61980.870 GC heap after
Heap after GC invocations=35 (full 4):
 PSYoungGen      total 102912K, used 13792K [0x00000000f6300000, 0x00000000ffa00000, 0x0000000100000000)
  eden space 55296K, 0% used [0x00000000f6300000,0x00000000f6300000,0x00000000f9900000)
  from space 47616K, 28% used [0x00000000f9900000,0x00000000fa678020,0x00000000fc780000)
  to   space 45568K, 0% used [0x00000000fcd80000,0x00000000fcd80000,0x00000000ffa00000)
 ParOldGen       total 218624K, used 184216K [0x00000000e2a00000, 0x00000000eff80000, 0x00000000f6300000)
  object space 218624K, 84% used [0x00000000e2a00000,0x00000000edde60d0,0x00000000eff80000)
 PSPermGen       total 55808K, used 26988K [0x00000000dd800000, 0x00000000e0e80000, 0x00000000e2a00000)
  object space 55808K, 48% used [0x00000000dd800000,0x00000000df25b2e8,0x00000000e0e80000)
}
Event: 61980.973 GC heap before
{Heap before GC invocations=36 (full 4):
 PSYoungGen      total 102912K, used 69088K [0x00000000f6300000, 0x00000000ffa00000, 0x0000000100000000)
  eden space 55296K, 100% used [0x00000000f6300000,0x00000000f9900000,0x00000000f9900000)
  from space 47616K, 28% used [0x00000000f9900000,0x00000000fa678020,0x00000000fc780000)
  to   space 45568K, 0% used [0x00000000fcd80000,0x00000000fcd80000,0x00000000ffa00000)
 ParOldGen       total 218624K, used 184216K [0x00000000e2a00000, 0x00000000eff80000, 0x00000000f6300000)
  object space 218624K, 84% used [0x00000000e2a00000,0x00000000edde60d0,0x00000000eff80000)
 PSPermGen       total 55808K, used 26988K [0x00000000dd800000, 0x00000000e0e80000, 0x00000000e2a00000)
  object space 55808K, 48% used [0x00000000dd800000,0x00000000df25b2e8,0x00000000e0e80000)
Event: 61981.061 GC heap after
Heap after GC invocations=36 (full 4):
 PSYoungGen      total 105984K, used 20766K [0x00000000f6300000, 0x00000000ff680000, 0x0000000100000000)
  eden space 64000K, 0% used [0x00000000f6300000,0x00000000f6300000,0x00000000fa180000)
  from space 41984K, 49% used [0x00000000fcd80000,0x00000000fe1c7bb8,0x00000000ff680000)
  to   space 43520K, 0% used [0x00000000fa180000,0x00000000fa180000,0x00000000fcc00000)
 ParOldGen       total 218624K, used 198040K [0x00000000e2a00000, 0x00000000eff80000, 0x00000000f6300000)
  object space 218624K, 90% used [0x00000000e2a00000,0x00000000eeb660f0,0x00000000eff80000)
 PSPermGen       total 55808K, used 26988K [0x00000000dd800000, 0x00000000e0e80000, 0x00000000e2a00000)
  object space 55808K, 48% used [0x00000000dd800000,0x00000000df25b2e8,0x00000000e0e80000)
}
Event: 61981.061 GC heap before
{Heap before GC invocations=37 (full 5):
 PSYoungGen      total 105984K, used 20766K [0x00000000f6300000, 0x00000000ff680000, 0x0000000100000000)
  eden space 64000K, 0% used [0x00000000f6300000,0x00000000f6300000,0x00000000fa180000)
  from space 41984K, 49% used [0x00000000fcd80000,0x00000000fe1c7bb8,0x00000000ff680000)
  to   space 43520K, 0% used [0x00000000fa180000,0x00000000fa180000,0x00000000fcc00000)
 ParOldGen       total 218624K, used 198040K [0x00000000e2a00000, 0x00000000eff80000, 0x00000000f6300000)
  object space 218624K, 90% used [0x00000000e2a00000,0x00000000eeb660f0,0x00000000eff80000)
 PSPermGen       total 55808K, used 26988K [0x00000000dd800000, 0x00000000e0e80000, 0x00000000e2a00000)
  object space 55808K, 48% used [0x00000000dd800000,0x00000000df25b2e8,0x00000000e0e80000)

