# JRE version: Java(TM) SE Runtime Environment (7.0_51-b13) (build 1.7.0_51-b13)
# Java VM: Java HotSpot(TM) 64-Bit Server VM (24.51-b03 mixed mode linux-amd64 compressed oops)
Heap
 PSYoungGen      total 107520K, used 0K [0x00000000f6300000, 0x0000000100000000, 0x0000000100000000)
  eden space 54272K, 0% used [0x00000000f6300000,0x00000000f6300000,0x00000000f9800000)
  from space 53248K, 0% used [0x00000000fcc00000,0x00000000fcc00000,0x0000000100000000)
  to   space 53248K, 0% used [0x00000000f9800000,0x00000000f9800000,0x00000000fcc00000)
 ParOldGen       total 240128K, used 227141K [0x00000000e2a00000, 0x00000000f1480000, 0x00000000f6300000)
  object space 240128K, 94% used [0x00000000e2a00000,0x00000000f07d1768,0x00000000f1480000)
 PSPermGen       total 30208K, used 26925K [0x00000000dd800000, 0x00000000df580000, 0x00000000e2a00000)
  object space 30208K, 89% used [0x00000000dd800000,0x00000000df24b4f0,0x00000000df580000)
GC Heap History (10 events):
Event: 217050.460 GC heap after
Heap after GC invocations=173 (full 19):
 PSYoungGen      total 107520K, used 13216K [0x00000000f6300000, 0x0000000100000000, 0x0000000100000000)
  eden space 54272K, 0% used [0x00000000f6300000,0x00000000f6300000,0x00000000f9800000)
  from space 53248K, 24% used [0x00000000fcc00000,0x00000000fd8e8010,0x0000000100000000)
  to   space 53248K, 0% used [0x00000000f9800000,0x00000000f9800000,0x00000000fcc00000)
 ParOldGen       total 240128K, used 167056K [0x00000000e2a00000, 0x00000000f1480000, 0x00000000f6300000)
  object space 240128K, 69% used [0x00000000e2a00000,0x00000000ecd24008,0x00000000f1480000)
 PSPermGen       total 30208K, used 26925K [0x00000000dd800000, 0x00000000df580000, 0x00000000e2a00000)
  object space 30208K, 89% used [0x00000000dd800000,0x00000000df24b4f0,0x00000000df580000)
}
Event: 217050.524 GC heap before
{Heap before GC invocations=174 (full 19):
 PSYoungGen      total 107520K, used 67488K [0x00000000f6300000, 0x0000000100000000, 0x0000000100000000)
  eden space 54272K, 100% used [0x00000000f6300000,0x00000000f9800000,0x00000000f9800000)
  from space 53248K, 24% used [0x00000000fcc00000,0x00000000fd8e8010,0x0000000100000000)
  to   space 53248K, 0% used [0x00000000f9800000,0x00000000f9800000,0x00000000fcc00000)
 ParOldGen       total 240128K, used 167056K [0x00000000e2a00000, 0x00000000f1480000, 0x00000000f6300000)
  object space 240128K, 69% used [0x00000000e2a00000,0x00000000ecd24008,0x00000000f1480000)
 PSPermGen       total 30208K, used 26925K [0x00000000dd800000, 0x00000000df580000, 0x00000000e2a00000)
  object space 30208K, 89% used [0x00000000dd800000,0x00000000df24b4f0,0x00000000df580000)
Event: 217050.594 GC heap after
Heap after GC invocations=174 (full 19):
 PSYoungGen      total 107520K, used 14253K [0x00000000f6300000, 0x0000000100000000, 0x0000000100000000)
  eden space 54272K, 0% used [0x00000000f6300000,0x00000000f6300000,0x00000000f9800000)
  from space 53248K, 26% used [0x00000000f9800000,0x00000000fa5eb620,0x00000000fcc00000)
  to   space 53248K, 0% used [0x00000000fcc00000,0x00000000fcc00000,0x0000000100000000)
 ParOldGen       total 240128K, used 180288K [0x00000000e2a00000, 0x00000000f1480000, 0x00000000f6300000)
  object space 240128K, 75% used [0x00000000e2a00000,0x00000000eda10018,0x00000000f1480000)
 PSPermGen       total 30208K, used 26925K [0x00000000dd800000, 0x00000000df580000, 0x00000000e2a00000)
  object space 30208K, 89% used [0x00000000dd800000,0x00000000df24b4f0,0x00000000df580000)
}
Event: 217050.655 GC heap before
{Heap before GC invocations=175 (full 19):
 PSYoungGen      total 107520K, used 68525K [0x00000000f6300000, 0x0000000100000000, 0x0000000100000000)
  eden space 54272K, 100% used [0x00000000f6300000,0x00000000f9800000,0x00000000f9800000)
  from space 53248K, 26% used [0x00000000f9800000,0x00000000fa5eb620,0x00000000fcc00000)
  to   space 53248K, 0% used [0x00000000fcc00000,0x00000000fcc00000,0x0000000100000000)
 ParOldGen       total 240128K, used 180288K [0x00000000e2a00000, 0x00000000f1480000, 0x00000000f6300000)
  object space 240128K, 75% used [0x00000000e2a00000,0x00000000eda10018,0x00000000f1480000)
 PSPermGen       total 30208K, used 26925K [0x00000000dd800000, 0x00000000df580000, 0x00000000e2a00000)
  object space 30208K, 89% used [0x00000000dd800000,0x00000000df24b4f0,0x00000000df580000)
Event: 217050.716 GC heap after
Heap after GC invocations=175 (full 19):
 PSYoungGen      total 107520K, used 12736K [0x00000000f6300000, 0x0000000100000000, 0x0000000100000000)
  eden space 54272K, 0% used [0x00000000f6300000,0x00000000f6300000,0x00000000f9800000)
  from space 53248K, 23% used [0x00000000fcc00000,0x00000000fd870000,0x0000000100000000)
  to   space 53248K, 0% used [0x00000000f9800000,0x00000000f9800000,0x00000000fcc00000)
 ParOldGen       total 240128K, used 194525K [0x00000000e2a00000, 0x00000000f1480000, 0x00000000f6300000)
  object space 240128K, 81% used [0x00000000e2a00000,0x00000000ee7f7638,0x00000000f1480000)
 PSPermGen       total 30208K, used 26925K [0x00000000dd800000, 0x00000000df580000, 0x00000000e2a00000)
  object space 30208K, 89% used [0x00000000dd800000,0x00000000df24b4f0,0x00000000df580000)
}
Event: 217050.785 GC heap before
{Heap before GC invocations=176 (full 19):
 PSYoungGen      total 107520K, used 67008K [0x00000000f6300000, 0x0000000100000000, 0x0000000100000000)
  eden space 54272K, 100% used [0x00000000f6300000,0x00000000f9800000,0x00000000f9800000)
  from space 53248K, 23% used [0x00000000fcc00000,0x00000000fd870000,0x0000000100000000)
  to   space 53248K, 0% used [0x00000000f9800000,0x00000000f9800000,0x00000000fcc00000)
 ParOldGen       total 240128K, used 194525K [0x00000000e2a00000, 0x00000000f1480000, 0x00000000f6300000)
  object space 240128K, 81% used [0x00000000e2a00000,0x00000000ee7f7638,0x00000000f1480000)
 PSPermGen       total 30208K, used 26925K [0x00000000dd800000, 0x00000000df580000, 0x00000000e2a00000)
  object space 30208K, 89% used [0x00000000dd800000,0x00000000df24b4f0,0x00000000df580000)
Event: 217050.848 GC heap after
Heap after GC invocations=176 (full 19):
 PSYoungGen      total 107520K, used 12896K [0x00000000f6300000, 0x0000000100000000, 0x0000000100000000)
  eden space 54272K, 0% used [0x00000000f6300000,0x00000000f6300000,0x00000000f9800000)
  from space 53248K, 24% used [0x00000000f9800000,0x00000000fa498010,0x00000000fcc00000)
  to   space 53248K, 0% used [0x00000000fcc00000,0x00000000fcc00000,0x0000000100000000)
 ParOldGen       total 240128K, used 207285K [0x00000000e2a00000, 0x00000000f1480000, 0x00000000f6300000)
  object space 240128K, 86% used [0x00000000e2a00000,0x00000000ef46d638,0x00000000f1480000)
 PSPermGen       total 30208K, used 26925K [0x00000000dd800000, 0x00000000df580000, 0x00000000e2a00000)
  object space 30208K, 89% used [0x00000000dd800000,0x00000000df24b4f0,0x00000000df580000)
}
Event: 217050.915 GC heap before
{Heap before GC invocations=177 (full 19):
 PSYoungGen      total 107520K, used 67168K [0x00000000f6300000, 0x0000000100000000, 0x0000000100000000)
  eden space 54272K, 100% used [0x00000000f6300000,0x00000000f9800000,0x00000000f9800000)
  from space 53248K, 24% used [0x00000000f9800000,0x00000000fa498010,0x00000000fcc00000)
  to   space 53248K, 0% used [0x00000000fcc00000,0x00000000fcc00000,0x0000000100000000)
 ParOldGen       total 240128K, used 207285K [0x00000000e2a00000, 0x00000000f1480000, 0x00000000f6300000)
  object space 240128K, 86% used [0x00000000e2a00000,0x00000000ef46d638,0x00000000f1480000)
 PSPermGen       total 30208K, used 26925K [0x00000000dd800000, 0x00000000df580000, 0x00000000e2a00000)
  object space 30208K, 89% used [0x00000000dd800000,0x00000000df24b4f0,0x00000000df580000)
Event: 217050.990 GC heap after
Heap after GC invocations=177 (full 19):
 PSYoungGen      total 107520K, used 13985K [0x00000000f6300000, 0x0000000100000000, 0x0000000100000000)
  eden space 54272K, 0% used [0x00000000f6300000,0x00000000f6300000,0x00000000f9800000)
  from space 53248K, 26% used [0x00000000fcc00000,0x00000000fd9a86e0,0x0000000100000000)
  to   space 53248K, 0% used [0x00000000f9800000,0x00000000f9800000,0x00000000fcc00000)
 ParOldGen       total 240128K, used 220213K [0x00000000e2a00000, 0x00000000f1480000, 0x00000000f6300000)
  object space 240128K, 91% used [0x00000000e2a00000,0x00000000f010d648,0x00000000f1480000)
 PSPermGen       total 30208K, used 26925K [0x00000000dd800000, 0x00000000df580000, 0x00000000e2a00000)
  object space 30208K, 89% used [0x00000000dd800000,0x00000000df24b4f0,0x00000000df580000)
}
Event: 217050.990 GC heap before
{Heap before GC invocations=178 (full 20):
 PSYoungGen      total 107520K, used 13985K [0x00000000f6300000, 0x0000000100000000, 0x0000000100000000)
  eden space 54272K, 0% used [0x00000000f6300000,0x00000000f6300000,0x00000000f9800000)
  from space 53248K, 26% used [0x00000000fcc00000,0x00000000fd9a86e0,0x0000000100000000)
  to   space 53248K, 0% used [0x00000000f9800000,0x00000000f9800000,0x00000000fcc00000)
 ParOldGen       total 240128K, used 220213K [0x00000000e2a00000, 0x00000000f1480000, 0x00000000f6300000)
  object space 240128K, 91% used [0x00000000e2a00000,0x00000000f010d648,0x00000000f1480000)
 PSPermGen       total 30208K, used 26925K [0x00000000dd800000, 0x00000000df580000, 0x00000000e2a00000)
  object space 30208K, 89% used [0x00000000dd800000,0x00000000df24b4f0,0x00000000df580000)

