# JRE version: Java(TM) SE Runtime Environment (7.0_51-b13) (build 1.7.0_51-b13)
# Java VM: Java HotSpot(TM) 64-Bit Server VM (24.51-b03 mixed mode linux-amd64 compressed oops)
Heap
 PSYoungGen      total 115200K, used 103714K [0x00000000f6300000, 0x00000000fec00000, 0x0000000100000000)
  eden space 105984K, 89% used [0x00000000f6300000,0x00000000fbf489f0,0x00000000fca80000)
  from space 9216K, 100% used [0x00000000fde80000,0x00000000fe780000,0x00000000fe780000)
  to   space 4608K, 0% used [0x00000000fe780000,0x00000000fe780000,0x00000000fec00000)
 ParOldGen       total 35840K, used 19238K [0x00000000e2a00000, 0x00000000e4d00000, 0x00000000f6300000)
  object space 35840K, 53% used [0x00000000e2a00000,0x00000000e3cc98d8,0x00000000e4d00000)
 PSPermGen       total 37376K, used 29961K [0x00000000dd800000, 0x00000000dfc80000, 0x00000000e2a00000)
  object space 37376K, 80% used [0x00000000dd800000,0x00000000df542748,0x00000000dfc80000)
GC Heap History (10 events):
Event: 3.641 GC heap before
{Heap before GC invocations=6 (full 0):
 PSYoungGen      total 33792K, used 33760K [0x00000000f6300000, 0x00000000fac00000, 0x0000000100000000)
  eden space 32768K, 100% used [0x00000000f6300000,0x00000000f8300000,0x00000000f8300000)
  from space 1024K, 96% used [0x00000000f8300000,0x00000000f83f8060,0x00000000f8400000)
  to   space 4608K, 0% used [0x00000000fa780000,0x00000000fa780000,0x00000000fac00000)
 ParOldGen       total 19968K, used 10117K [0x00000000e2a00000, 0x00000000e3d80000, 0x00000000f6300000)
  object space 19968K, 50% used [0x00000000e2a00000,0x00000000e33e17f8,0x00000000e3d80000)
 PSPermGen       total 21504K, used 10073K [0x00000000dd800000, 0x00000000ded00000, 0x00000000e2a00000)
  object space 21504K, 46% used [0x00000000dd800000,0x00000000de1d65b8,0x00000000ded00000)
Event: 3.650 GC heap after
Heap after GC invocations=6 (full 0):
 PSYoungGen      total 69632K, used 4542K [0x00000000f6300000, 0x00000000fad00000, 0x0000000100000000)
  eden space 65024K, 0% used [0x00000000f6300000,0x00000000f6300000,0x00000000fa280000)
  from space 4608K, 98% used [0x00000000fa780000,0x00000000fabefac8,0x00000000fac00000)
  to   space 5120K, 0% used [0x00000000fa280000,0x00000000fa280000,0x00000000fa780000)
 ParOldGen       total 19968K, used 10117K [0x00000000e2a00000, 0x00000000e3d80000, 0x00000000f6300000)
  object space 19968K, 50% used [0x00000000e2a00000,0x00000000e33e17f8,0x00000000e3d80000)
 PSPermGen       total 21504K, used 10073K [0x00000000dd800000, 0x00000000ded00000, 0x00000000e2a00000)
  object space 21504K, 46% used [0x00000000dd800000,0x00000000de1d65b8,0x00000000ded00000)
}
Event: 5.585 GC heap before
{Heap before GC invocations=7 (full 0):
 PSYoungGen      total 69632K, used 69566K [0x00000000f6300000, 0x00000000fad00000, 0x0000000100000000)
  eden space 65024K, 100% used [0x00000000f6300000,0x00000000fa280000,0x00000000fa280000)
  from space 4608K, 98% used [0x00000000fa780000,0x00000000fabefac8,0x00000000fac00000)
  to   space 5120K, 0% used [0x00000000fa280000,0x00000000fa280000,0x00000000fa780000)
 ParOldGen       total 19968K, used 10117K [0x00000000e2a00000, 0x00000000e3d80000, 0x00000000f6300000)
  object space 19968K, 50% used [0x00000000e2a00000,0x00000000e33e17f8,0x00000000e3d80000)
 PSPermGen       total 21504K, used 18534K [0x00000000dd800000, 0x00000000ded00000, 0x00000000e2a00000)
  object space 21504K, 86% used [0x00000000dd800000,0x00000000dea19868,0x00000000ded00000)
Event: 5.609 GC heap after
Heap after GC invocations=7 (full 0):
 PSYoungGen      total 70144K, used 5088K [0x00000000f6300000, 0x00000000ff500000, 0x0000000100000000)
  eden space 65024K, 0% used [0x00000000f6300000,0x00000000f6300000,0x00000000fa280000)
  from space 5120K, 99% used [0x00000000fa280000,0x00000000fa7780a0,0x00000000fa780000)
  to   space 9728K, 0% used [0x00000000feb80000,0x00000000feb80000,0x00000000ff500000)
 ParOldGen       total 19968K, used 17143K [0x00000000e2a00000, 0x00000000e3d80000, 0x00000000f6300000)
  object space 19968K, 85% used [0x00000000e2a00000,0x00000000e3abdc38,0x00000000e3d80000)
 PSPermGen       total 21504K, used 18534K [0x00000000dd800000, 0x00000000ded00000, 0x00000000e2a00000)
  object space 21504K, 86% used [0x00000000dd800000,0x00000000dea19868,0x00000000ded00000)
}
Event: 5.609 GC heap before
{Heap before GC invocations=8 (full 1):
 PSYoungGen      total 70144K, used 5088K [0x00000000f6300000, 0x00000000ff500000, 0x0000000100000000)
  eden space 65024K, 0% used [0x00000000f6300000,0x00000000f6300000,0x00000000fa280000)
  from space 5120K, 99% used [0x00000000fa280000,0x00000000fa7780a0,0x00000000fa780000)
  to   space 9728K, 0% used [0x00000000feb80000,0x00000000feb80000,0x00000000ff500000)
 ParOldGen       total 19968K, used 17143K [0x00000000e2a00000, 0x00000000e3d80000, 0x00000000f6300000)
  object space 19968K, 85% used [0x00000000e2a00000,0x00000000e3abdc38,0x00000000e3d80000)
 PSPermGen       total 21504K, used 18534K [0x00000000dd800000, 0x00000000ded00000, 0x00000000e2a00000)
  object space 21504K, 86% used [0x00000000dd800000,0x00000000dea19868,0x00000000ded00000)
Event: 5.743 GC heap after
Heap after GC invocations=8 (full 1):
 PSYoungGen      total 70144K, used 0K [0x00000000f6300000, 0x00000000ff500000, 0x0000000100000000)
  eden space 65024K, 0% used [0x00000000f6300000,0x00000000f6300000,0x00000000fa280000)
  from space 5120K, 0% used [0x00000000fa280000,0x00000000fa280000,0x00000000fa780000)
  to   space 9728K, 0% used [0x00000000feb80000,0x00000000feb80000,0x00000000ff500000)
 ParOldGen       total 35840K, used 16290K [0x00000000e2a00000, 0x00000000e4d00000, 0x00000000f6300000)
  object space 35840K, 45% used [0x00000000e2a00000,0x00000000e39e8b90,0x00000000e4d00000)
 PSPermGen       total 37376K, used 18523K [0x00000000dd800000, 0x00000000dfc80000, 0x00000000e2a00000)
  object space 37376K, 49% used [0x00000000dd800000,0x00000000dea16c98,0x00000000dfc80000)
}
Event: 6.728 GC heap before
{Heap before GC invocations=9 (full 1):
 PSYoungGen      total 70144K, used 65024K [0x00000000f6300000, 0x00000000ff500000, 0x0000000100000000)
  eden space 65024K, 100% used [0x00000000f6300000,0x00000000fa280000,0x00000000fa280000)
  from space 5120K, 0% used [0x00000000fa280000,0x00000000fa280000,0x00000000fa780000)
  to   space 9728K, 0% used [0x00000000feb80000,0x00000000feb80000,0x00000000ff500000)
 ParOldGen       total 35840K, used 16290K [0x00000000e2a00000, 0x00000000e4d00000, 0x00000000f6300000)
  object space 35840K, 45% used [0x00000000e2a00000,0x00000000e39e8b90,0x00000000e4d00000)
 PSPermGen       total 37376K, used 22460K [0x00000000dd800000, 0x00000000dfc80000, 0x00000000e2a00000)
  object space 37376K, 60% used [0x00000000dd800000,0x00000000dedef150,0x00000000dfc80000)
Event: 6.741 GC heap after
Heap after GC invocations=9 (full 1):
 PSYoungGen      total 92672K, used 4881K [0x00000000f6300000, 0x00000000ff080000, 0x0000000100000000)
  eden space 87552K, 0% used [0x00000000f6300000,0x00000000f6300000,0x00000000fb880000)
  from space 5120K, 95% used [0x00000000feb80000,0x00000000ff044468,0x00000000ff080000)
  to   space 9216K, 0% used [0x00000000fde80000,0x00000000fde80000,0x00000000fe780000)
 ParOldGen       total 35840K, used 16290K [0x00000000e2a00000, 0x00000000e4d00000, 0x00000000f6300000)
  object space 35840K, 45% used [0x00000000e2a00000,0x00000000e39e8b90,0x00000000e4d00000)
 PSPermGen       total 37376K, used 22460K [0x00000000dd800000, 0x00000000dfc80000, 0x00000000e2a00000)
  object space 37376K, 60% used [0x00000000dd800000,0x00000000dedef150,0x00000000dfc80000)
}
Event: 8.705 GC heap before
{Heap before GC invocations=10 (full 1):
 PSYoungGen      total 92672K, used 92433K [0x00000000f6300000, 0x00000000ff080000, 0x0000000100000000)
  eden space 87552K, 100% used [0x00000000f6300000,0x00000000fb880000,0x00000000fb880000)
  from space 5120K, 95% used [0x00000000feb80000,0x00000000ff044468,0x00000000ff080000)
  to   space 9216K, 0% used [0x00000000fde80000,0x00000000fde80000,0x00000000fe780000)
 ParOldGen       total 35840K, used 16290K [0x00000000e2a00000, 0x00000000e4d00000, 0x00000000f6300000)
  object space 35840K, 45% used [0x00000000e2a00000,0x00000000e39e8b90,0x00000000e4d00000)
 PSPermGen       total 37376K, used 24968K [0x00000000dd800000, 0x00000000dfc80000, 0x00000000e2a00000)
  object space 37376K, 66% used [0x00000000dd800000,0x00000000df062010,0x00000000dfc80000)
Event: 8.733 GC heap after
Heap after GC invocations=10 (full 1):
 PSYoungGen      total 115200K, used 9216K [0x00000000f6300000, 0x00000000fec00000, 0x0000000100000000)
  eden space 105984K, 0% used [0x00000000f6300000,0x00000000f6300000,0x00000000fca80000)
  from space 9216K, 100% used [0x00000000fde80000,0x00000000fe780000,0x00000000fe780000)
  to   space 4608K, 0% used [0x00000000fe780000,0x00000000fe780000,0x00000000fec00000)
 ParOldGen       total 35840K, used 19238K [0x00000000e2a00000, 0x00000000e4d00000, 0x00000000f6300000)
  object space 35840K, 53% used [0x00000000e2a00000,0x00000000e3cc98d8,0x00000000e4d00000)
 PSPermGen       total 37376K, used 24968K [0x00000000dd800000, 0x00000000dfc80000, 0x00000000e2a00000)
  object space 37376K, 66% used [0x00000000dd800000,0x00000000df062010,0x00000000dfc80000)
}

