# JRE version: Java(TM) SE Runtime Environment (7.0_51-b13) (build 1.7.0_51-b13)
# Java VM: Java HotSpot(TM) 64-Bit Server VM (24.51-b03 mixed mode linux-amd64 compressed oops)
Heap
 PSYoungGen      total 107520K, used 0K [0x00000000f6300000, 0x0000000100000000, 0x0000000100000000)
  eden space 54272K, 0% used [0x00000000f6300000,0x00000000f6300000,0x00000000f9800000)
  from space 53248K, 0% used [0x00000000fcc00000,0x00000000fcc00000,0x0000000100000000)
  to   space 53248K, 0% used [0x00000000f9800000,0x00000000f9800000,0x00000000fcc00000)
 ParOldGen       total 240640K, used 224569K [0x00000000e2a00000, 0x00000000f1500000, 0x00000000f6300000)
  object space 240640K, 93% used [0x00000000e2a00000,0x00000000f054e608,0x00000000f1500000)
 PSPermGen       total 40960K, used 26868K [0x00000000dd800000, 0x00000000e0000000, 0x00000000e2a00000)
  object space 40960K, 65% used [0x00000000dd800000,0x00000000df23d1f0,0x00000000e0000000)
GC Heap History (10 events):
Event: 161145.730 GC heap after
Heap after GC invocations=112 (full 10):
 PSYoungGen      total 107008K, used 0K [0x00000000f6300000, 0x0000000100000000, 0x0000000100000000)
  eden space 53760K, 0% used [0x00000000f6300000,0x00000000f6300000,0x00000000f9780000)
  from space 53248K, 0% used [0x00000000fcb80000,0x00000000fcb80000,0x00000000fff80000)
  to   space 53248K, 0% used [0x00000000f9780000,0x00000000f9780000,0x00000000fcb80000)
 ParOldGen       total 240640K, used 123601K [0x00000000e2a00000, 0x00000000f1500000, 0x00000000f6300000)
  object space 240640K, 51% used [0x00000000e2a00000,0x00000000ea2b47d8,0x00000000f1500000)
 PSPermGen       total 40960K, used 26868K [0x00000000dd800000, 0x00000000e0000000, 0x00000000e2a00000)
  object space 40960K, 65% used [0x00000000dd800000,0x00000000df23d1f0,0x00000000e0000000)
}
Event: 161145.845 GC heap before
{Heap before GC invocations=113 (full 10):
 PSYoungGen      total 107008K, used 53760K [0x00000000f6300000, 0x0000000100000000, 0x0000000100000000)
  eden space 53760K, 100% used [0x00000000f6300000,0x00000000f9780000,0x00000000f9780000)
  from space 53248K, 0% used [0x00000000fcb80000,0x00000000fcb80000,0x00000000fff80000)
  to   space 53248K, 0% used [0x00000000f9780000,0x00000000f9780000,0x00000000fcb80000)
 ParOldGen       total 240640K, used 123601K [0x00000000e2a00000, 0x00000000f1500000, 0x00000000f6300000)
  object space 240640K, 51% used [0x00000000e2a00000,0x00000000ea2b47d8,0x00000000f1500000)
 PSPermGen       total 40960K, used 26868K [0x00000000dd800000, 0x00000000e0000000, 0x00000000e2a00000)
  object space 40960K, 65% used [0x00000000dd800000,0x00000000df23d1f0,0x00000000e0000000)
Event: 161145.905 GC heap after
Heap after GC invocations=113 (full 10):
 PSYoungGen      total 107008K, used 33897K [0x00000000f6300000, 0x0000000100000000, 0x0000000100000000)
  eden space 53760K, 0% used [0x00000000f6300000,0x00000000f6300000,0x00000000f9780000)
  from space 53248K, 63% used [0x00000000f9780000,0x00000000fb89a528,0x00000000fcb80000)
  to   space 53248K, 0% used [0x00000000fcc00000,0x00000000fcc00000,0x0000000100000000)
 ParOldGen       total 240640K, used 123601K [0x00000000e2a00000, 0x00000000f1500000, 0x00000000f6300000)
  object space 240640K, 51% used [0x00000000e2a00000,0x00000000ea2b47d8,0x00000000f1500000)
 PSPermGen       total 40960K, used 26868K [0x00000000dd800000, 0x00000000e0000000, 0x00000000e2a00000)
  object space 40960K, 65% used [0x00000000dd800000,0x00000000df23d1f0,0x00000000e0000000)
}
Event: 161146.017 GC heap before
{Heap before GC invocations=114 (full 10):
 PSYoungGen      total 107008K, used 87657K [0x00000000f6300000, 0x0000000100000000, 0x0000000100000000)
  eden space 53760K, 100% used [0x00000000f6300000,0x00000000f9780000,0x00000000f9780000)
  from space 53248K, 63% used [0x00000000f9780000,0x00000000fb89a528,0x00000000fcb80000)
  to   space 53248K, 0% used [0x00000000fcc00000,0x00000000fcc00000,0x0000000100000000)
 ParOldGen       total 240640K, used 123601K [0x00000000e2a00000, 0x00000000f1500000, 0x00000000f6300000)
  object space 240640K, 51% used [0x00000000e2a00000,0x00000000ea2b47d8,0x00000000f1500000)
 PSPermGen       total 40960K, used 26868K [0x00000000dd800000, 0x00000000e0000000, 0x00000000e2a00000)
  object space 40960K, 65% used [0x00000000dd800000,0x00000000df23d1f0,0x00000000e0000000)
Event: 161146.127 GC heap after
Heap after GC invocations=114 (full 10):
 PSYoungGen      total 107520K, used 53245K [0x00000000f6300000, 0x0000000100000000, 0x0000000100000000)
  eden space 54272K, 0% used [0x00000000f6300000,0x00000000f6300000,0x00000000f9800000)
  from space 53248K, 99% used [0x00000000fcc00000,0x00000000fffff5c0,0x0000000100000000)
  to   space 53248K, 0% used [0x00000000f9800000,0x00000000f9800000,0x00000000fcc00000)
 ParOldGen       total 240640K, used 134969K [0x00000000e2a00000, 0x00000000f1500000, 0x00000000f6300000)
  object space 240640K, 56% used [0x00000000e2a00000,0x00000000eadce7d8,0x00000000f1500000)
 PSPermGen       total 40960K, used 26868K [0x00000000dd800000, 0x00000000e0000000, 0x00000000e2a00000)
  object space 40960K, 65% used [0x00000000dd800000,0x00000000df23d1f0,0x00000000e0000000)
}
Event: 161146.198 GC heap before
{Heap before GC invocations=115 (full 10):
 PSYoungGen      total 107520K, used 107517K [0x00000000f6300000, 0x0000000100000000, 0x0000000100000000)
  eden space 54272K, 100% used [0x00000000f6300000,0x00000000f9800000,0x00000000f9800000)
  from space 53248K, 99% used [0x00000000fcc00000,0x00000000fffff5c0,0x0000000100000000)
  to   space 53248K, 0% used [0x00000000f9800000,0x00000000f9800000,0x00000000fcc00000)
 ParOldGen       total 240640K, used 134969K [0x00000000e2a00000, 0x00000000f1500000, 0x00000000f6300000)
  object space 240640K, 56% used [0x00000000e2a00000,0x00000000eadce7d8,0x00000000f1500000)
 PSPermGen       total 40960K, used 26868K [0x00000000dd800000, 0x00000000e0000000, 0x00000000e2a00000)
  object space 40960K, 65% used [0x00000000dd800000,0x00000000df23d1f0,0x00000000e0000000)
Event: 161146.320 GC heap after
Heap after GC invocations=115 (full 10):
 PSYoungGen      total 107520K, used 53244K [0x00000000f6300000, 0x0000000100000000, 0x0000000100000000)
  eden space 54272K, 0% used [0x00000000f6300000,0x00000000f6300000,0x00000000f9800000)
  from space 53248K, 99% used [0x00000000f9800000,0x00000000fcbff040,0x00000000fcc00000)
  to   space 53248K, 0% used [0x00000000fcc00000,0x00000000fcc00000,0x0000000100000000)
 ParOldGen       total 240640K, used 159385K [0x00000000e2a00000, 0x00000000f1500000, 0x00000000f6300000)
  object space 240640K, 66% used [0x00000000e2a00000,0x00000000ec5a67d8,0x00000000f1500000)
 PSPermGen       total 40960K, used 26868K [0x00000000dd800000, 0x00000000e0000000, 0x00000000e2a00000)
  object space 40960K, 65% used [0x00000000dd800000,0x00000000df23d1f0,0x00000000e0000000)
}
Event: 161146.381 GC heap before
{Heap before GC invocations=116 (full 10):
 PSYoungGen      total 107520K, used 107516K [0x00000000f6300000, 0x0000000100000000, 0x0000000100000000)
  eden space 54272K, 100% used [0x00000000f6300000,0x00000000f9800000,0x00000000f9800000)
  from space 53248K, 99% used [0x00000000f9800000,0x00000000fcbff040,0x00000000fcc00000)
  to   space 53248K, 0% used [0x00000000fcc00000,0x00000000fcc00000,0x0000000100000000)
 ParOldGen       total 240640K, used 159385K [0x00000000e2a00000, 0x00000000f1500000, 0x00000000f6300000)
  object space 240640K, 66% used [0x00000000e2a00000,0x00000000ec5a67d8,0x00000000f1500000)
 PSPermGen       total 40960K, used 26868K [0x00000000dd800000, 0x00000000e0000000, 0x00000000e2a00000)
  object space 40960K, 65% used [0x00000000dd800000,0x00000000df23d1f0,0x00000000e0000000)
Event: 161146.561 GC heap after
Heap after GC invocations=116 (full 10):
 PSYoungGen      total 107520K, used 13271K [0x00000000f6300000, 0x0000000100000000, 0x0000000100000000)
  eden space 54272K, 0% used [0x00000000f6300000,0x00000000f6300000,0x00000000f9800000)
  from space 53248K, 24% used [0x00000000fcc00000,0x00000000fd8f5d98,0x0000000100000000)
  to   space 53248K, 0% used [0x00000000f9800000,0x00000000f9800000,0x00000000fcc00000)
 ParOldGen       total 240640K, used 212372K [0x00000000e2a00000, 0x00000000f1500000, 0x00000000f6300000)
  object space 240640K, 88% used [0x00000000e2a00000,0x00000000ef965248,0x00000000f1500000)
 PSPermGen       total 40960K, used 26868K [0x00000000dd800000, 0x00000000e0000000, 0x00000000e2a00000)
  object space 40960K, 65% used [0x00000000dd800000,0x00000000df23d1f0,0x00000000e0000000)
}
Event: 161146.561 GC heap before
{Heap before GC invocations=117 (full 11):
 PSYoungGen      total 107520K, used 13271K [0x00000000f6300000, 0x0000000100000000, 0x0000000100000000)
  eden space 54272K, 0% used [0x00000000f6300000,0x00000000f6300000,0x00000000f9800000)
  from space 53248K, 24% used [0x00000000fcc00000,0x00000000fd8f5d98,0x0000000100000000)
  to   space 53248K, 0% used [0x00000000f9800000,0x00000000f9800000,0x00000000fcc00000)
 ParOldGen       total 240640K, used 212372K [0x00000000e2a00000, 0x00000000f1500000, 0x00000000f6300000)
  object space 240640K, 88% used [0x00000000e2a00000,0x00000000ef965248,0x00000000f1500000)
 PSPermGen       total 40960K, used 26868K [0x00000000dd800000, 0x00000000e0000000, 0x00000000e2a00000)
  object space 40960K, 65% used [0x00000000dd800000,0x00000000df23d1f0,0x00000000e0000000)

